<?xml version="1.0" encoding="UTF-8"?>
<!-- Generated by org.testng.reporters.JUnitReportReporter -->
<testsuite hostname="DESKTOP-AO4LUHM" failures="0" tests="2" name="testing.AnnotationsExample0" time="0.003" errors="0" timestamp="23 Jun 2025 23:05:36 GMT" skipped="1">
  <testcase classname="testing.AnnotationsExample0" name="test2" time="0.003"/>
  <testcase classname="testing.AnnotationsExample0" name="test1">
    <skipped/>
  </testcase> <!-- test1 -->
</testsuite> <!-- testing.AnnotationsExample0 -->
