<?xml version="1.0" encoding="UTF-8"?>
<!-- Generated by org.testng.reporters.JUnitXMLReporter -->
<testsuite ignored="4" hostname="DESKTOP-AO4LUHM" failures="0" tests="2" name="SmokeTest" time="0.058" errors="0" timestamp="20 Jul 2025 16:11:46 GMT">
  <testcase classname="testing.AnnotationsExample" name="test1" time="0.01"/>
  <testcase classname="testing.AnnotationsExample2" name="test3" time="0.002"/>
  <testcase classname="testing.BaseClass" name="@AfterTest method4" time="0.0">
    <ignored/>
  </testcase> <!-- @AfterTest method4 -->
  <testcase classname="testing.AnnotationsExample2" name="test4" time="0.0">
    <ignored/>
  </testcase> <!-- test4 -->
  <testcase classname="testing.BaseClass" name="@BeforeTest method3" time="0.0">
    <ignored/>
  </testcase> <!-- @BeforeTest method3 -->
  <testcase classname="testing.AnnotationsExample" name="test2" time="0.0">
    <ignored/>
  </testcase> <!-- test2 -->
</testsuite> <!-- SmokeTest -->
